<?xml version="1.0" encoding="UTF-8" ?>
<testsuite tests="5" failures="0" name="com.sg.serviceTest.vendingMachineServiceLayerImplTest" time="0.007" errors="0" skipped="0">
  <properties>
[...]
</properties>
  <testcase classname="com.sg.serviceTest.vendingMachineServiceLayerImplTest" name="com.sg.serviceTest.vendingMachineServiceLayerImplTest.testRemoveOneItemFromInventory" time="0.002"/>
  <testcase classname="com.sg.serviceTest.vendingMachineServiceLayerImplTest" name="com.sg.serviceTest.vendingMachineServiceLayerImplTest.testCheckIfEnoughMoney" time="0"/>
  <testcase classname="com.sg.serviceTest.vendingMachineServiceLayerImplTest" name="com.sg.serviceTest.vendingMachineServiceLayerImplTest.testGetChangePerCoin" time="0.002"/>
  <testcase classname="com.sg.serviceTest.vendingMachineServiceLayerImplTest" name="com.sg.serviceTest.vendingMachineServiceLayerImplTest.testGetItem" time="0.003"/>
  <testcase classname="com.sg.serviceTest.vendingMachineServiceLayerImplTest" name="com.sg.serviceTest.vendingMachineServiceLayerImplTest.testSomeMethod" time="0"/>
</testsuite>